<?xml version="1.0" encoding="UTF-8"?>
<!-- Generated by org.testng.reporters.JUnitXMLReporter -->
<testsuite ignored="0" hostname="ASIF-DESKTOP" failures="0" tests="5" name="Test" time="93.73" errors="0" timestamp="2022-06-13T19:57:26 EDT">
  <testcase classname="com.inetBanking.testCases.TC_LoginTest_001" name="loginTest" time="42.29"/>
  <testcase classname="com.inetBanking.testCases.TC_LoginDDT_002" name="loginDDT" time="10.526"/>
  <testcase classname="com.inetBanking.testCases.TC_LoginDDT_002" name="loginDDT" time="9.316"/>
  <testcase classname="com.inetBanking.testCases.TC_LoginDDT_002" name="loginDDT" time="8.747"/>
  <testcase classname="com.inetBanking.testCases.TC_AddCustomerTest_003" name="AddNewCustomer" time="10.198"/>
</testsuite> <!-- Test -->
