<?xml version="1.0" encoding="UTF-8"?>
<testng-results ignored="0" total="1" passed="1" failed="0" skipped="0">
  <reporter-output>
  </reporter-output>
  <suite started-at="2022-05-06T21:46:03 EDT" name="iNetBanking" finished-at="2022-05-06T21:46:10 EDT" duration-ms="6576">
    <groups>
    </groups>
    <test started-at="2022-05-06T21:46:03 EDT" name="Test" finished-at="2022-05-06T21:46:10 EDT" duration-ms="6576">
      <class name="com.inetBanking.testCases.TC_GenerateUserTest_004">
        <test-method is-config="true" signature="setup(java.lang.String)[pri:0, instance:com.inetBanking.testCases.TC_GenerateUserTest_004@4cc451f2]" started-at="2022-05-06T21:46:04 EDT" name="setup" finished-at="2022-05-06T21:46:07 EDT" duration-ms="3715" status="PASS">
          <params>
            <param index="0">
              <value>
                <![CDATA[chrome]]>
              </value>
            </param>
          </params>
          <reporter-output>
          </reporter-output>
        </test-method> <!-- setup -->
        <test-method signature="generateUser()[pri:0, instance:com.inetBanking.testCases.TC_GenerateUserTest_004@4cc451f2]" started-at="2022-05-06T21:46:07 EDT" name="generateUser" finished-at="2022-05-06T21:46:10 EDT" duration-ms="2385" status="PASS">
          <reporter-output>
          </reporter-output>
        </test-method> <!-- generateUser -->
        <test-method is-config="true" signature="tearDown()[pri:0, instance:com.inetBanking.testCases.TC_GenerateUserTest_004@4cc451f2]" started-at="2022-05-06T21:46:10 EDT" name="tearDown" finished-at="2022-05-06T21:46:10 EDT" duration-ms="116" status="PASS">
          <reporter-output>
          </reporter-output>
        </test-method> <!-- tearDown -->
      </class> <!-- com.inetBanking.testCases.TC_GenerateUserTest_004 -->
    </test> <!-- Test -->
  </suite> <!-- iNetBanking -->
</testng-results>
